Using pre-set license
Built from '2020.3/staging' branch; Version is '2020.3.0f1 (c7b5465681fb) revision 13088070'; Using compiler version '192528614'; Build Type 'Release'
OS: 'Windows 10 Pro; OS build 19042.867; Version 2009; 64bit' Language: 'pl' Physical Memory: 16334 MB
BatchMode: 1, IsHumanControllingUs: 0, StartBugReporterOnCrash: 0, Is64bit: 1, IsPro: 0

 COMMAND LINE ARGUMENTS:
C:\Unity\Editors\2020.3.0f1\Editor\Unity.exe
-adb2
-batchMode
-noUpm
-name
AssetImportWorker0
-projectPath
C:/Projekty/PlanetOrbiter
-logFile
Logs/AssetImportWorker0.log
-srvPort
61632
Successfully changed project path to: C:/Projekty/PlanetOrbiter
C:/Projekty/PlanetOrbiter
Using Asset Import Pipeline V2.
Refreshing native plugins compatible for Editor in 57.59 ms, found 3 plugins.
Preloading 0 native plugins for Editor in 0.00 ms.
Initialize engine version: 2020.3.0f1 (c7b5465681fb)
[Subsystems] Discovering subsystems at path C:/Unity/Editors/2020.3.0f1/Editor/Data/Resources/UnitySubsystems
[Subsystems] Discovering subsystems at path C:/Projekty/PlanetOrbiter/Assets
GfxDevice: creating device client; threaded=0
Direct3D:
    Version:  Direct3D 11.0 [level 11.1]
    Renderer: NVIDIA GeForce GTX 1080 (ID=0x1b80)
    Vendor:   
    VRAM:     8079 MB
    Driver:   27.21.14.6172
Shader 'Universal Render Pipeline/Particles/Lit': fallback shader 'Universal Render Pipeline/Particles/SimpleLit' not found
Initialize mono
Mono path[0] = 'C:/Unity/Editors/2020.3.0f1/Editor/Data/Managed'
Mono path[1] = 'C:/Unity/Editors/2020.3.0f1/Editor/Data/MonoBleedingEdge/lib/mono/unityjit'
Mono config path = 'C:/Unity/Editors/2020.3.0f1/Editor/Data/MonoBleedingEdge/etc'
Using monoOptions --debugger-agent=transport=dt_socket,embedding=1,server=y,suspend=n,address=127.0.0.1:56032
Begin MonoManager ReloadAssembly
Registering precompiled unity dll's ...
Register platform support module: C:/Unity/Editors/2020.3.0f1/Editor/Data/PlaybackEngines/WindowsStandaloneSupport/UnityEditor.WindowsStandalone.Extensions.dll
Registered in 0.002274 seconds.
Native extension for WindowsStandalone target not found
Refreshing native plugins compatible for Editor in 60.94 ms, found 3 plugins.
Preloading 0 native plugins for Editor in 0.00 ms.
Invoked RoslynAnalysisRunner static constructor.
RoslynAnalysisRunner will not be running.
RoslynAnalysisRunner has terminated.
Mono: successfully reloaded assembly
- Completed reload, in  1.186 seconds
Platform modules already initialized, skipping
Registering precompiled user dll's ...
Registered in 0.005735 seconds.
Begin MonoManager ReloadAssembly
Native extension for WindowsStandalone target not found
Refreshing native plugins compatible for Editor in 56.40 ms, found 3 plugins.
Preloading 0 native plugins for Editor in 0.00 ms.
Invoked RoslynAnalysisRunner static constructor.
RoslynAnalysisRunner will not be running.
RoslynAnalysisRunner has terminated.
Mono: successfully reloaded assembly
- Completed reload, in  1.455 seconds
Platform modules already initialized, skipping
========================================================================
Worker process is ready to serve import requests
Shader 'Universal Render Pipeline/Particles/Lit': fallback shader 'Universal Render Pipeline/Particles/SimpleLit' not found
Launched and connected shader compiler UnityShaderCompiler.exe after 0.04 seconds
Refreshing native plugins compatible for Editor in 1.02 ms, found 3 plugins.
Preloading 0 native plugins for Editor in 0.00 ms.
Unloading 3109 Unused Serialized files (Serialized files now loaded: 0)
System memory in use before: 213.2 MB.
System memory in use after: 213.4 MB.

Unloading 27 unused Assets to reduce memory usage. Loaded Objects now: 3592.
Total: 20.216700 ms (FindLiveObjects: 0.339900 ms CreateObjectMapping: 0.128100 ms MarkObjects: 19.665900 ms  DeleteObjects: 0.081500 ms)

========================================================================
Received Import Request.
  path: Assets/Models/Planet/fbxPlanet.fbx
  artifactKey: Guid(76c57d8dd5a1d804f9b3ceb6f327870b) Importer(815301076,1909f56bfc062723c751e8b465ee728b)
Start importing Assets/Models/Planet/fbxPlanet.fbx using Guid(76c57d8dd5a1d804f9b3ceb6f327870b) Importer(815301076,1909f56bfc062723c751e8b465ee728b)  -> (artifact id: 'c5aa4bc479f3ff1a5c6a87cd9ddee3c9') in 0.547761 seconds
  Import took 0.552913 seconds .

========================================================================
Received Import Request.
  Time since last request: 0.000167 seconds.
  path: Assets/Models/Planet/PlanetBlend.blend
  artifactKey: Guid(a3a1c209ab6bf8543ab727f681a0da6c) Importer(815301076,1909f56bfc062723c751e8b465ee728b)
Start importing Assets/Models/Planet/PlanetBlend.blend using Guid(a3a1c209ab6bf8543ab727f681a0da6c) Importer(815301076,1909f56bfc062723c751e8b465ee728b)  -> (artifact id: 'd088c363c9f46422498b7757ad33d54c') in 0.062864 seconds
  Import took 0.068015 seconds .

========================================================================
Received Import Request.
  Time since last request: 0.000205 seconds.
  path: Assets/Models/Planet
  artifactKey: Guid(0123d2444f05eeb48996fc914bd03e6f) Importer(815301076,1909f56bfc062723c751e8b465ee728b)
Start importing Assets/Models/Planet using Guid(0123d2444f05eeb48996fc914bd03e6f) Importer(815301076,1909f56bfc062723c751e8b465ee728b)  -> (artifact id: '2ec4232c86f62cb9814cc9f020a599fe') in 0.003302 seconds
  Import took 0.008091 seconds .

